# JRE version: OpenJDK Runtime Environment (11.0.6+10) (build 11.0.6+10)
# Java VM: OpenJDK 64-Bit Server VM (11.0.6+10, mixed mode, tiered, compressed oops, g1 gc, windows-amd64)
Heap:
 garbage-first heap   total 262144K, used 79953K [0x0000000701800000, 0x0000000800000000)
  region size 1024K, 56 young (57344K), 3 survivors (3072K)
 Metaspace       used 9375K, capacity 9519K, committed 9600K, reserved 1058816K
  class space    used 832K, capacity 874K, committed 896K, reserved 1048576K
GC Heap History (8 events):
Event: 1.288 GC heap before
{Heap before GC invocations=0 (full 0):
 garbage-first heap   total 262144K, used 27648K [0x0000000701800000, 0x0000000800000000)
  region size 1024K, 24 young (24576K), 0 survivors (0K)
 Metaspace       used 8975K, capacity 9132K, committed 9344K, reserved 1058816K
  class space    used 818K, capacity 874K, committed 896K, reserved 1048576K
}
Event: 1.305 GC heap after
{Heap after GC invocations=1 (full 0):
 garbage-first heap   total 262144K, used 20305K [0x0000000701800000, 0x0000000800000000)
  region size 1024K, 3 young (3072K), 3 survivors (3072K)
 Metaspace       used 8975K, capacity 9132K, committed 9344K, reserved 1058816K
  class space    used 818K, capacity 874K, committed 896K, reserved 1048576K
}
Event: 1.507 GC heap before
{Heap before GC invocations=1 (full 0):
 garbage-first heap   total 262144K, used 34641K [0x0000000701800000, 0x0000000800000000)
  region size 1024K, 17 young (17408K), 3 survivors (3072K)
 Metaspace       used 9375K, capacity 9519K, committed 9600K, reserved 1058816K
  class space    used 832K, capacity 874K, committed 896K, reserved 1048576K
}
Event: 1.513 GC heap after
{Heap after GC invocations=2 (full 0):
 garbage-first heap   total 262144K, used 23376K [0x0000000701800000, 0x0000000800000000)
  region size 1024K, 2 young (2048K), 2 survivors (2048K)
 Metaspace       used 9375K, capacity 9519K, committed 9600K, reserved 1058816K
  class space    used 832K, capacity 874K, committed 896K, reserved 1048576K
}
Event: 1.541 GC heap before
{Heap before GC invocations=2 (full 0):
 garbage-first heap   total 262144K, used 33616K [0x0000000701800000, 0x0000000800000000)
  region size 1024K, 12 young (12288K), 2 survivors (2048K)
 Metaspace       used 9375K, capacity 9519K, committed 9600K, reserved 1058816K
  class space    used 832K, capacity 874K, committed 896K, reserved 1048576K
}
Event: 1.543 GC heap after
{Heap after GC invocations=3 (full 0):
 garbage-first heap   total 262144K, used 24698K [0x0000000701800000, 0x0000000800000000)
  region size 1024K, 2 young (2048K), 2 survivors (2048K)
 Metaspace       used 9375K, capacity 9519K, committed 9600K, reserved 1058816K
  class space    used 832K, capacity 874K, committed 896K, reserved 1048576K
}
Event: 1.580 GC heap before
{Heap before GC invocations=3 (full 0):
 garbage-first heap   total 262144K, used 47226K [0x0000000701800000, 0x0000000800000000)
  region size 1024K, 24 young (24576K), 2 survivors (2048K)
 Metaspace       used 9375K, capacity 9519K, committed 9600K, reserved 1058816K
  class space    used 832K, capacity 874K, committed 896K, reserved 1048576K
}
Event: 1.582 GC heap after
{Heap after GC invocations=4 (full 0):
 garbage-first heap   total 262144K, used 26705K [0x0000000701800000, 0x0000000800000000)
  region size 1024K, 3 young (3072K), 3 survivors (3072K)
 Metaspace       used 9375K, capacity 9519K, committed 9600K, reserved 1058816K
  class space    used 832K, capacity 874K, committed 896K, reserved 1048576K
}

